\BOOKMARK [0][-]{chapter.1}{\376\377\000E\000x\000e\000c\000u\000t\000i\000v\000e\000\040\000S\000u\000m\000m\000a\000r\000y}{}% 1
\BOOKMARK [1][-]{section.1.1}{\376\377\000O\000v\000e\000r\000v\000i\000e\000w}{chapter.1}% 2
\BOOKMARK [1][-]{section.1.2}{\376\377\000A\000s\000s\000e\000s\000s\000m\000e\000n\000t\000\040\000R\000e\000s\000u\000l\000t}{chapter.1}% 3
\BOOKMARK [1][-]{section.1.3}{\376\377\000K\000e\000y\000\040\000F\000i\000n\000d\000i\000n\000g\000s}{chapter.1}% 4
\BOOKMARK [1][-]{section.1.4}{\376\377\000C\000o\000m\000p\000l\000i\000a\000n\000c\000e\000\040\000S\000t\000a\000t\000u\000s}{chapter.1}% 5
\BOOKMARK [1][-]{section.1.5}{\376\377\000R\000e\000c\000o\000m\000m\000e\000n\000d\000a\000t\000i\000o\000n}{chapter.1}% 6
\BOOKMARK [0][-]{chapter.2}{\376\377\000I\000n\000t\000r\000o\000d\000u\000c\000t\000i\000o\000n}{}% 7
\BOOKMARK [1][-]{section.2.1}{\376\377\000B\000a\000c\000k\000g\000r\000o\000u\000n\000d}{chapter.2}% 8
\BOOKMARK [1][-]{section.2.2}{\376\377\000P\000u\000r\000p\000o\000s\000e\000\040\000o\000f\000\040\000A\000s\000s\000e\000s\000s\000m\000e\000n\000t}{chapter.2}% 9
\BOOKMARK [1][-]{section.2.3}{\376\377\000S\000c\000o\000p\000e}{chapter.2}% 10
\BOOKMARK [1][-]{section.2.4}{\376\377\000M\000e\000t\000h\000o\000d\000o\000l\000o\000g\000y}{chapter.2}% 11
\BOOKMARK [0][-]{chapter.3}{\376\377\000S\000y\000s\000t\000e\000m\000\040\000A\000r\000c\000h\000i\000t\000e\000c\000t\000u\000r\000e\000\040\000S\000e\000c\000u\000r\000i\000t\000y}{}% 12
\BOOKMARK [1][-]{section.3.1}{\376\377\000T\000e\000c\000h\000n\000o\000l\000o\000g\000y\000\040\000S\000t\000a\000c\000k}{chapter.3}% 13
\BOOKMARK [1][-]{section.3.2}{\376\377\000A\000r\000c\000h\000i\000t\000e\000c\000t\000u\000r\000e\000\040\000O\000v\000e\000r\000v\000i\000e\000w}{chapter.3}% 14
\BOOKMARK [1][-]{section.3.3}{\376\377\000S\000e\000c\000u\000r\000i\000t\000y\000\040\000A\000r\000c\000h\000i\000t\000e\000c\000t\000u\000r\000e\000\040\000P\000r\000i\000n\000c\000i\000p\000l\000e\000s}{chapter.3}% 15
\BOOKMARK [0][-]{chapter.4}{\376\377\000A\000u\000t\000h\000e\000n\000t\000i\000c\000a\000t\000i\000o\000n\000\040\000a\000n\000d\000\040\000A\000u\000t\000h\000o\000r\000i\000z\000a\000t\000i\000o\000n}{}% 16
\BOOKMARK [1][-]{section.4.1}{\376\377\000A\000u\000t\000h\000e\000n\000t\000i\000c\000a\000t\000i\000o\000n\000\040\000M\000e\000c\000h\000a\000n\000i\000s\000m}{chapter.4}% 17
\BOOKMARK [2][-]{subsection.4.1.1}{\376\377\000J\000W\000T\000\040\000C\000o\000n\000f\000i\000g\000u\000r\000a\000t\000i\000o\000n}{section.4.1}% 18
\BOOKMARK [2][-]{subsection.4.1.2}{\376\377\000J\000W\000T\000\040\000S\000e\000c\000u\000r\000i\000t\000y\000\040\000T\000e\000s\000t\000\040\000R\000e\000s\000u\000l\000t\000s}{section.4.1}% 19
\BOOKMARK [1][-]{section.4.2}{\376\377\000P\000a\000s\000s\000w\000o\000r\000d\000\040\000S\000e\000c\000u\000r\000i\000t\000y}{chapter.4}% 20
\BOOKMARK [2][-]{subsection.4.2.1}{\376\377\000P\000a\000s\000s\000w\000o\000r\000d\000\040\000H\000a\000s\000h\000i\000n\000g\000\040\000I\000m\000p\000l\000e\000m\000e\000n\000t\000a\000t\000i\000o\000n}{section.4.2}% 21
\BOOKMARK [1][-]{section.4.3}{\376\377\000M\000i\000d\000d\000l\000e\000w\000a\000r\000e\000\040\000S\000e\000c\000u\000r\000i\000t\000y\000\040\000S\000t\000a\000c\000k}{chapter.4}% 22
\BOOKMARK [1][-]{section.4.4}{\376\377\000R\000o\000l\000e\000-\000B\000a\000s\000e\000d\000\040\000A\000c\000c\000e\000s\000s\000\040\000C\000o\000n\000t\000r\000o\000l}{chapter.4}% 23
\BOOKMARK [2][-]{subsection.4.4.1}{\376\377\000P\000e\000r\000m\000i\000s\000s\000i\000o\000n\000\040\000M\000a\000t\000r\000i\000x}{section.4.4}% 24
\BOOKMARK [0][-]{chapter.5}{\376\377\000D\000a\000t\000a\000\040\000P\000r\000o\000t\000e\000c\000t\000i\000o\000n\000\040\000a\000n\000d\000\040\000E\000n\000c\000r\000y\000p\000t\000i\000o\000n}{}% 25
\BOOKMARK [1][-]{section.5.1}{\376\377\000D\000a\000t\000a\000\040\000i\000n\000\040\000T\000r\000a\000n\000s\000i\000t}{chapter.5}% 26
\BOOKMARK [2][-]{subsection.5.1.1}{\376\377\000T\000L\000S\000\040\000C\000o\000n\000f\000i\000g\000u\000r\000a\000t\000i\000o\000n}{section.5.1}% 27
\BOOKMARK [2][-]{subsection.5.1.2}{\376\377\000T\000r\000a\000n\000s\000p\000o\000r\000t\000\040\000S\000e\000c\000u\000r\000i\000t\000y\000\040\000T\000e\000s\000t\000\040\000R\000e\000s\000u\000l\000t\000s}{section.5.1}% 28
\BOOKMARK [1][-]{section.5.2}{\376\377\000D\000a\000t\000a\000\040\000a\000t\000\040\000R\000e\000s\000t}{chapter.5}% 29
\BOOKMARK [2][-]{subsection.5.2.1}{\376\377\000D\000a\000t\000a\000b\000a\000s\000e\000\040\000E\000n\000c\000r\000y\000p\000t\000i\000o\000n}{section.5.2}% 30
\BOOKMARK [2][-]{subsection.5.2.2}{\376\377\000M\000o\000b\000i\000l\000e\000\040\000A\000p\000p\000l\000i\000c\000a\000t\000i\000o\000n\000\040\000S\000t\000o\000r\000a\000g\000e}{section.5.2}% 31
\BOOKMARK [1][-]{section.5.3}{\376\377\000D\000a\000t\000a\000\040\000P\000r\000i\000v\000a\000c\000y\000\040\000C\000o\000m\000p\000l\000i\000a\000n\000c\000e}{chapter.5}% 32
\BOOKMARK [0][-]{chapter.6}{\376\377\000I\000n\000p\000u\000t\000\040\000V\000a\000l\000i\000d\000a\000t\000i\000o\000n\000\040\000a\000n\000d\000\040\000I\000n\000j\000e\000c\000t\000i\000o\000n\000\040\000P\000r\000e\000v\000e\000n\000t\000i\000o\000n}{}% 33
\BOOKMARK [1][-]{section.6.1}{\376\377\000S\000Q\000L\000\040\000I\000n\000j\000e\000c\000t\000i\000o\000n\000\040\000P\000r\000e\000v\000e\000n\000t\000i\000o\000n}{chapter.6}% 34
\BOOKMARK [2][-]{subsection.6.1.1}{\376\377\000S\000e\000c\000u\000r\000e\000\040\000Q\000u\000e\000r\000y\000\040\000I\000m\000p\000l\000e\000m\000e\000n\000t\000a\000t\000i\000o\000n}{section.6.1}% 35
\BOOKMARK [2][-]{subsection.6.1.2}{\376\377\000S\000Q\000L\000\040\000I\000n\000j\000e\000c\000t\000i\000o\000n\000\040\000T\000e\000s\000t\000\040\000R\000e\000s\000u\000l\000t\000s}{section.6.1}% 36
\BOOKMARK [1][-]{section.6.2}{\376\377\000C\000r\000o\000s\000s\000-\000S\000i\000t\000e\000\040\000S\000c\000r\000i\000p\000t\000i\000n\000g\000\040\000P\000r\000e\000v\000e\000n\000t\000i\000o\000n}{chapter.6}% 37
\BOOKMARK [2][-]{subsection.6.2.1}{\376\377\000X\000S\000S\000\040\000T\000e\000s\000t\000\040\000R\000e\000s\000u\000l\000t\000s}{section.6.2}% 38
\BOOKMARK [1][-]{section.6.3}{\376\377\000I\000n\000p\000u\000t\000\040\000V\000a\000l\000i\000d\000a\000t\000i\000o\000n\000\040\000I\000m\000p\000l\000e\000m\000e\000n\000t\000a\000t\000i\000o\000n}{chapter.6}% 39
\BOOKMARK [0][-]{chapter.7}{\376\377\000A\000P\000I\000\040\000S\000e\000c\000u\000r\000i\000t\000y}{}% 40
\BOOKMARK [1][-]{section.7.1}{\376\377\000R\000a\000t\000e\000\040\000L\000i\000m\000i\000t\000i\000n\000g}{chapter.7}% 41
\BOOKMARK [1][-]{section.7.2}{\376\377\000C\000O\000R\000S\000\040\000C\000o\000n\000f\000i\000g\000u\000r\000a\000t\000i\000o\000n}{chapter.7}% 42
\BOOKMARK [1][-]{section.7.3}{\376\377\000C\000S\000R\000F\000\040\000P\000r\000o\000t\000e\000c\000t\000i\000o\000n}{chapter.7}% 43
\BOOKMARK [1][-]{section.7.4}{\376\377\000W\000e\000b\000h\000o\000o\000k\000\040\000S\000e\000c\000u\000r\000i\000t\000y}{chapter.7}% 44
\BOOKMARK [0][-]{chapter.8}{\376\377\000M\000o\000b\000i\000l\000e\000\040\000A\000p\000p\000l\000i\000c\000a\000t\000i\000o\000n\000\040\000S\000e\000c\000u\000r\000i\000t\000y}{}% 45
\BOOKMARK [1][-]{section.8.1}{\376\377\000S\000e\000c\000u\000r\000i\000t\000y\000\040\000I\000m\000p\000l\000e\000m\000e\000n\000t\000a\000t\000i\000o\000n}{chapter.8}% 46
\BOOKMARK [1][-]{section.8.2}{\376\377\000O\000f\000f\000l\000i\000n\000e\000\040\000S\000e\000c\000u\000r\000i\000t\000y}{chapter.8}% 47
\BOOKMARK [1][-]{section.8.3}{\376\377\000P\000e\000r\000m\000i\000s\000s\000i\000o\000n\000\040\000M\000a\000n\000a\000g\000e\000m\000e\000n\000t}{chapter.8}% 48
\BOOKMARK [0][-]{chapter.9}{\376\377\000S\000e\000c\000u\000r\000i\000t\000y\000\040\000A\000u\000d\000i\000t\000\040\000a\000n\000d\000\040\000L\000o\000g\000g\000i\000n\000g}{}% 49
\BOOKMARK [1][-]{section.9.1}{\376\377\000A\000u\000d\000i\000t\000\040\000T\000r\000a\000i\000l}{chapter.9}% 50
\BOOKMARK [1][-]{section.9.2}{\376\377\000L\000o\000g\000g\000e\000d\000\040\000E\000v\000e\000n\000t\000s}{chapter.9}% 51
\BOOKMARK [1][-]{section.9.3}{\376\377\000S\000e\000c\000u\000r\000i\000t\000y\000\040\000M\000o\000n\000i\000t\000o\000r\000i\000n\000g}{chapter.9}% 52
\BOOKMARK [0][-]{chapter.10}{\376\377\000V\000u\000l\000n\000e\000r\000a\000b\000i\000l\000i\000t\000y\000\040\000A\000s\000s\000e\000s\000s\000m\000e\000n\000t}{}% 53
\BOOKMARK [1][-]{section.10.1}{\376\377\000O\000W\000A\000S\000P\000\040\000T\000o\000p\000\040\0001\0000\000\040\000C\000o\000m\000p\000l\000i\000a\000n\000c\000e}{chapter.10}% 54
\BOOKMARK [1][-]{section.10.2}{\376\377\000P\000e\000n\000e\000t\000r\000a\000t\000i\000o\000n\000\040\000T\000e\000s\000t\000i\000n\000g\000\040\000S\000u\000m\000m\000a\000r\000y}{chapter.10}% 55
\BOOKMARK [0][-]{chapter.11}{\376\377\000R\000e\000g\000u\000l\000a\000t\000o\000r\000y\000\040\000C\000o\000m\000p\000l\000i\000a\000n\000c\000e}{}% 56
\BOOKMARK [1][-]{section.11.1}{\376\377\000C\000o\000m\000p\000l\000i\000a\000n\000c\000e\000\040\000S\000u\000m\000m\000a\000r\000y}{chapter.11}% 57
\BOOKMARK [1][-]{section.11.2}{\376\377\000D\000a\000t\000a\000\040\000P\000r\000o\000t\000e\000c\000t\000i\000o\000n\000\040\000M\000e\000a\000s\000u\000r\000e\000s}{chapter.11}% 58
\BOOKMARK [0][-]{chapter.12}{\376\377\000R\000e\000c\000o\000m\000m\000e\000n\000d\000a\000t\000i\000o\000n\000s}{}% 59
\BOOKMARK [1][-]{section.12.1}{\376\377\000I\000m\000p\000l\000e\000m\000e\000n\000t\000e\000d\000\040\000S\000e\000c\000u\000r\000i\000t\000y\000\040\000C\000o\000n\000t\000r\000o\000l\000s}{chapter.12}% 60
\BOOKMARK [1][-]{section.12.2}{\376\377\000R\000e\000c\000o\000m\000m\000e\000n\000d\000e\000d\000\040\000E\000n\000h\000a\000n\000c\000e\000m\000e\000n\000t\000s}{chapter.12}% 61
\BOOKMARK [0][-]{chapter.13}{\376\377\000C\000o\000n\000c\000l\000u\000s\000i\000o\000n}{}% 62
\BOOKMARK [1][-]{section.13.1}{\376\377\000A\000s\000s\000e\000s\000s\000m\000e\000n\000t\000\040\000S\000u\000m\000m\000a\000r\000y}{chapter.13}% 63
\BOOKMARK [1][-]{section.13.2}{\376\377\000C\000e\000r\000t\000i\000f\000i\000c\000a\000t\000i\000o\000n\000\040\000S\000t\000a\000t\000e\000m\000e\000n\000t}{chapter.13}% 64
\BOOKMARK [1][-]{section.13.3}{\376\377\000S\000e\000c\000u\000r\000i\000t\000y\000\040\000S\000c\000o\000r\000e}{chapter.13}% 65
\BOOKMARK [0][-]{appendix.A}{\376\377\000T\000e\000s\000t\000\040\000E\000v\000i\000d\000e\000n\000c\000e}{}% 66
\BOOKMARK [1][-]{section.A.1}{\376\377\000A\000u\000t\000h\000e\000n\000t\000i\000c\000a\000t\000i\000o\000n\000\040\000T\000e\000s\000t\000\040\000E\000v\000i\000d\000e\000n\000c\000e}{appendix.A}% 67
\BOOKMARK [1][-]{section.A.2}{\376\377\000S\000Q\000L\000\040\000I\000n\000j\000e\000c\000t\000i\000o\000n\000\040\000T\000e\000s\000t\000\040\000E\000v\000i\000d\000e\000n\000c\000e}{appendix.A}% 68
\BOOKMARK [0][-]{appendix.B}{\376\377\000G\000l\000o\000s\000s\000a\000r\000y}{}% 69
\BOOKMARK [0][-]{appendix.C}{\376\377\000R\000e\000f\000e\000r\000e\000n\000c\000e\000s}{}% 70
